1677523252188	geckodriver	INFO	Listening on 127.0.0.1:62306
1677523255246	mozrunner::runner	INFO	Running command: "C:\\Program Files\\Mozilla Firefox\\firefox.exe" "--marionette" "--remote-debugging-port" "62307" "--remote-allow-hosts" "localhost" "-no-remote" "-profile" "C:\\Users\\des11\\AppData\\Local\\Temp\\rust_mozprofileCB85IX"
console.warn: services.settings: Ignoring preference override of remote settings server
console.warn: services.settings: Allow by setting MOZ_REMOTE_SETTINGS_DEVTOOLS=1 in the environment
1677523255976	Marionette	INFO	Marionette enabled
Dynamically enable window occlusion 0
1677523255983	Marionette	INFO	Listening on port 62317
Read port: 62317
WebDriver BiDi listening on ws://127.0.0.1:62307
1677523256168	RemoteAgent	WARN	TLS certificate errors will be ignored for this session
console.warn: SearchSettings: "get: No settings file exists, new profile?" (new NotFoundError("Could not open the file at C:\\Users\\des11\\AppData\\Local\\Temp\\rust_mozprofileCB85IX\\search.json.mozlz4", (void 0)))
DevTools listening on ws://127.0.0.1:62307/devtools/browser/d1e39175-09d3-4b64-a28b-db0a53b45dfc
1677523312129	Marionette	INFO	Stopped listening on port 62317
Dynamically enable window occlusion 1
!!! error running onStopped callback: TypeError: callback is not a function
JavaScript error: resource://gre/modules/CrashManager.jsm, line 904: AbortError: IOUtils: Shutting down and refusing additional I/O tasks
mozprofilesl1MuW"
console.warn: services.settings: Ignoring preference override of remote settings server
console.warn: services.settings: Allow by setting MOZ_REMOTE_SETTINGS_DEVTOOLS=1 in the environment
1677523307101	Marionette	INFO	Marionette enabled
Dynamically enable window occlusion 0
1677523307112	Marionette	INFO	Listening on port 62374
Read port: 62374
WebDriver BiDi listening on ws://127.0.0.1:62367
1677523307473	RemoteAgent	WARN	TLS certificate errors will be ignored for this session
console.warn: SearchSettings: "get: No settings file exists, new profile?" (new NotFoundError("Could not open the file at C:\\Users\\des11\\AppData\\Local\\Temp\\rust_mozprofilesl1MuW\\search.json.mozlz4", (void 0)))
DevTools listening on ws://127.0.0.1:62367/devtools/browser/c7af9677-ff2f-4fc4-baa6-fd7d0c70ccfd
1677523318471	Marionette	INFO	Stopped listening on port 62374
console.warn: LoginRecipes: "Falling back to a synchronous message for: https://www.yahoo.com."
Dynamically enable window occlusion 1
1677523319054	Marionette	WARN	No reply from parent process
1677523319058	RemoteAgent	WARN	No reply from parent process
JavaScript warning: https://cdn.js7k.com/ix/talon-1.0.40.js, line 1: WEBGL_debug_renderer_info is deprecated in Firefox and will be removed. Please use RENDERER.
1677523543555	geckodriver	INFO	Listening on 127.0.0.1:62657
1677523546621	mozrunner::runner	INFO	Running command: "C:\\Program Files\\Mozilla Firefox\\firefox.exe" "--marionette" "--remote-debugging-port" "62658" "--remote-allow-hosts" "localhost" "-no-remote" "-profile" "C:\\Users\\des11\\AppData\\Local\\Temp\\rust_mozprofileGM40Na"
console.warn: services.settings: Ignoring preference override of remote settings server
console.warn: services.settings: Allow by setting MOZ_REMOTE_SETTINGS_DEVTOOLS=1 in the environment
1677523547378	Marionette	INFO	Marionette enabled
Dynamically enable window occlusion 0
1677523547385	Marionette	INFO	Listening on port 62665
Read port: 62665
WebDriver BiDi listening on ws://127.0.0.1:62658
1677523547612	RemoteAgent	WARN	TLS certificate errors will be ignored for this session
console.warn: SearchSettings: "get: No settings file exists, new profile?" (new NotFoundError("Could not open the file at C:\\Users\\des11\\AppData\\Local\\Temp\\rust_mozprofileGM40Na\\search.json.mozlz4", (void 0)))
DevTools listening on ws://127.0.0.1:62658/devtools/browser/63e829f9-1df5-4dd1-af88-baeb96747c39
1677523554085	Marionette	INFO	Stopped listening on port 62665
Dynamically enable window occlusion 1
